<?xml version="1.0" encoding="UTF-8"?>
<testsuite xmlns:xsi="http://www.w3.org/2001/XMLSchema-instance" xsi:noNamespaceSchemaLocation="https://maven.apache.org/surefire/maven-surefire-plugin/xsd/surefire-test-report-3.0.xsd" version="3.0" name="TestSuite" time="226.245" tests="7" errors="0" skipped="0" failures="2">
  <properties>
[...]
</properties>
  <testcase name="verifyAlreadyRegisteredUserCanSuccessfullyLogin" classname="com.skilo.gui.LoginTest" time="11.89">
    <system-out><![CDATA[17:05:05.666 [main] DEBUG org.testng.TestNG - suiteXmlPath: "E:\Rossy\Skillo\SKAU14TAF\testng.xml"
17:05:06.086 [main] INFO org.testng.internal.Utils - [Utils] MethodGroupsHelper.collectMethodsByGroup() took 9 ms.
17:05:06.103 [main] INFO org.testng.internal.Utils - [Utils] MethodGroupsHelper.sortMethods() took 13 ms.
17:05:06.105 [main] INFO org.testng.internal.Utils - [Utils] MethodGroupsHelper.collectMethodsByGroup() took 0 ms.
17:05:06.105 [main] INFO org.testng.internal.Utils - [Utils] MethodGroupsHelper.sortMethods() took 0 ms.
17:05:06.106 [main] INFO org.testng.internal.Utils - [Utils] MethodGroupsHelper.collectMethodsByGroup() took 0 ms.
17:05:06.106 [main] INFO org.testng.internal.Utils - [Utils] MethodGroupsHelper.sortMethods() took 0 ms.
17:05:06.107 [main] INFO org.testng.internal.Utils - [Utils] MethodGroupsHelper.collectMethodsByGroup() took 0 ms.
17:05:06.107 [main] INFO org.testng.internal.Utils - [Utils] MethodGroupsHelper.sortMethods() took 0 ms.
17:05:06.108 [main] INFO org.testng.internal.Utils - [Utils] MethodGroupsHelper.collectMethodsByGroup() took 0 ms.
17:05:06.108 [main] INFO org.testng.internal.Utils - [Utils] MethodGroupsHelper.sortMethods() took 0 ms.
17:05:06.109 [main] INFO org.testng.internal.Utils - [Utils] MethodGroupsHelper.collectMethodsByGroup() took 0 ms.
17:05:06.109 [main] INFO org.testng.internal.Utils - [Utils] MethodGroupsHelper.sortMethods() took 0 ms.
17:05:06.110 [main] INFO org.testng.internal.Utils - [Utils] MethodGroupsHelper.collectMethodsByGroup() took 0 ms.
17:05:06.110 [main] INFO org.testng.internal.Utils - [Utils] MethodGroupsHelper.sortMethods() took 0 ms.
17:05:06.110 [main] INFO org.testng.internal.Utils - [Utils] MethodGroupsHelper.collectMethodsByGroup() took 0 ms.
17:05:06.110 [main] INFO org.testng.internal.Utils - [Utils] MethodGroupsHelper.sortMethods() took 0 ms.
17:05:06.114 [main] INFO org.testng.internal.Utils - [Utils] MethodGroupsHelper.collectMethodsByGroup() took 0 ms.
17:05:06.115 [main] INFO org.testng.internal.Utils - [Utils] MethodGroupsHelper.sortMethods() took 0 ms.
17:05:06.117 [main] INFO org.testng.internal.Utils - [Utils] MethodGroupsHelper.collectMethodsByGroup() took 0 ms.
17:05:06.117 [main] INFO org.testng.internal.Utils - [Utils] MethodGroupsHelper.sortMethods() took 0 ms.
17:05:06.122 [main] INFO org.testng.internal.Utils - [Utils] MethodGroupsHelper.collectMethodsByGroup() took 0 ms.
17:05:06.122 [main] INFO org.testng.internal.Utils - [Utils] MethodGroupsHelper.sortMethods() took 0 ms.
17:05:06.124 [main] INFO org.testng.internal.Utils - [Utils] MethodGroupsHelper.collectMethodsByGroup() took 0 ms.
17:05:06.125 [main] INFO org.testng.internal.Utils - [Utils] MethodGroupsHelper.sortMethods() took 0 ms.
17:05:06.126 [main] INFO org.testng.internal.Utils - [Utils] MethodGroupsHelper.collectMethodsByGroup() took 0 ms.
17:05:06.126 [main] INFO org.testng.internal.Utils - [Utils] MethodGroupsHelper.sortMethods() took 0 ms.
17:05:06.126 [main] INFO org.testng.internal.Utils - [Utils] MethodGroupsHelper.collectMethodsByGroup() took 0 ms.
17:05:06.127 [main] INFO org.testng.internal.Utils - [Utils] MethodGroupsHelper.sortMethods() took 0 ms.
17:05:06.127 [main] INFO org.testng.internal.Utils - [Utils] MethodGroupsHelper.collectMethodsByGroup() took 0 ms.
17:05:06.127 [main] INFO org.testng.internal.Utils - [Utils] MethodGroupsHelper.sortMethods() took 0 ms.
17:05:06.128 [main] INFO org.testng.internal.Utils - [Utils] MethodGroupsHelper.collectMethodsByGroup() took 0 ms.
17:05:06.128 [main] INFO org.testng.internal.Utils - [Utils] MethodGroupsHelper.sortMethods() took 0 ms.
17:05:06.129 [main] INFO org.testng.internal.Utils - [Utils] MethodGroupsHelper.collectMethodsByGroup() took 0 ms.
17:05:06.129 [main] INFO org.testng.internal.Utils - [Utils] MethodGroupsHelper.sortMethods() took 0 ms.
17:05:06.129 [main] INFO org.testng.internal.Utils - [Utils] MethodGroupsHelper.collectMethodsByGroup() took 0 ms.
17:05:06.130 [main] INFO org.testng.internal.Utils - [Utils] MethodGroupsHelper.sortMethods() took 0 ms.
17:05:06.131 [main] INFO org.testng.internal.Utils - [Utils] MethodGroupsHelper.collectMethodsByGroup() took 0 ms.
17:05:06.131 [main] INFO org.testng.internal.Utils - [Utils] MethodGroupsHelper.sortMethods() took 0 ms.
17:05:06.133 [main] INFO org.testng.internal.Utils - [Utils] MethodGroupsHelper.collectMethodsByGroup() took 0 ms.
17:05:06.133 [main] INFO org.testng.internal.Utils - [Utils] MethodGroupsHelper.sortMethods() took 0 ms.
17:05:06.139 [main] INFO org.testng.internal.Utils - [Utils] MethodGroupsHelper.collectMethodsByGroup() took 0 ms.
17:05:06.140 [main] INFO org.testng.internal.Utils - [Utils] MethodGroupsHelper.sortMethods() took 0 ms.
17:05:06.141 [main] INFO org.testng.internal.Utils - [Utils] MethodGroupsHelper.collectMethodsByGroup() took 0 ms.
17:05:06.142 [main] INFO org.testng.internal.Utils - [Utils] MethodGroupsHelper.sortMethods() took 0 ms.
17:05:06.143 [main] INFO org.testng.internal.Utils - [Utils] MethodGroupsHelper.collectMethodsByGroup() took 0 ms.
17:05:06.144 [main] INFO org.testng.internal.Utils - [Utils] MethodGroupsHelper.sortMethods() took 0 ms.
17:05:06.144 [main] INFO org.testng.internal.Utils - [Utils] MethodGroupsHelper.collectMethodsByGroup() took 0 ms.
17:05:06.145 [main] INFO org.testng.internal.Utils - [Utils] MethodGroupsHelper.sortMethods() took 0 ms.
17:05:06.145 [main] INFO org.testng.internal.Utils - [Utils] MethodGroupsHelper.collectMethodsByGroup() took 0 ms.
17:05:06.146 [main] INFO org.testng.internal.Utils - [Utils] MethodGroupsHelper.sortMethods() took 0 ms.
17:05:06.146 [main] INFO org.testng.internal.Utils - [Utils] MethodGroupsHelper.collectMethodsByGroup() took 0 ms.
17:05:06.146 [main] INFO org.testng.internal.Utils - [Utils] MethodGroupsHelper.sortMethods() took 0 ms.
17:05:06.147 [main] INFO org.testng.internal.Utils - [Utils] MethodGroupsHelper.collectMethodsByGroup() took 0 ms.
17:05:06.147 [main] INFO org.testng.internal.Utils - [Utils] MethodGroupsHelper.sortMethods() took 0 ms.
17:05:06.151 [main] INFO org.testng.internal.Utils - [Utils] MethodGroupsHelper.collectMethodsByGroup() took 0 ms.
17:05:06.152 [main] INFO org.testng.internal.Utils - [Utils] MethodGroupsHelper.sortMethods() took 0 ms.
17:05:06.153 [main] INFO org.testng.internal.Utils - [Utils] MethodGroupsHelper.collectMethodsByGroup() took 0 ms.
17:05:06.154 [main] INFO org.testng.internal.Utils - [Utils] MethodGroupsHelper.sortMethods() took 0 ms.
17:05:06.156 [main] INFO org.testng.internal.Utils - [Utils] MethodGroupsHelper.collectMethodsByGroup() took 0 ms.
17:05:06.156 [main] INFO org.testng.internal.Utils - [Utils] MethodGroupsHelper.sortMethods() took 0 ms.
17:05:06.161 [main] INFO org.testng.internal.Utils - [Utils] MethodGroupsHelper.collectMethodsByGroup() took 0 ms.
17:05:06.162 [main] INFO org.testng.internal.Utils - [Utils] MethodGroupsHelper.sortMethods() took 0 ms.
17:05:06.162 [main] INFO org.testng.internal.Utils - [Utils] MethodGroupsHelper.collectMethodsByGroup() took 0 ms.
17:05:06.162 [main] INFO org.testng.internal.Utils - [Utils] MethodGroupsHelper.sortMethods() took 0 ms.
17:05:06.164 [main] INFO org.testng.internal.Utils - [Utils] MethodGroupsHelper.collectMethodsByGroup() took 0 ms.
17:05:06.182 [main] INFO org.testng.internal.Utils - [Utils] MethodGroupsHelper.sortMethods() took 17 ms.
17:05:06.184 [main] INFO org.testng.internal.Utils - [Utils] MethodGroupsHelper.collectMethodsByGroup() took 0 ms.
17:05:06.184 [main] INFO org.testng.internal.Utils - [Utils] MethodGroupsHelper.sortMethods() took 0 ms.
17:05:06.187 [main] INFO org.testng.internal.Utils - [Utils] MethodGroupsHelper.collectMethodsByGroup() took 2 ms.
17:05:06.189 [main] INFO org.testng.internal.Utils - [Utils] MethodGroupsHelper.sortMethods() took 0 ms.
____________________________________________________________
Deleting not needed files from folder with path: src\test\resources\reports\
All file are deleted in Directory: src\test\resources\reports\
____________________________________________________________
____________________________________________________________
Deleting not needed files from folder with path: src\test\resources\screenshots\
All file are deleted in Directory: src\test\resources\screenshots\
____________________________________________________________
17:05:06.374 [main] DEBUG io.github.bonigarcia.wdm.WebDriverManager - Using WebDriverManager 5.8.0
17:05:06.949 [main] DEBUG io.github.bonigarcia.wdm.cache.ResolutionCache - Resolution chrome=127 in cache (valid until 18:00:28 02/08/2024 EEST)
17:05:06.950 [main] DEBUG io.github.bonigarcia.wdm.cache.ResolutionCache - Resolution chrome127=127.0.6533.88 in cache (valid until 23:45:35 02/08/2024 EEST)
17:05:06.951 [main] INFO io.github.bonigarcia.wdm.WebDriverManager - Using chromedriver 127.0.6533.88 (resolved driver for Chrome 127)
17:05:06.974 [main] DEBUG io.github.bonigarcia.wdm.WebDriverManager - Driver chromedriver 127.0.6533.88 found in cache
17:05:06.975 [main] INFO io.github.bonigarcia.wdm.WebDriverManager - Exporting webdriver.chrome.driver as C:\Users\User\.cache\selenium\chromedriver\win64\127.0.6533.88\chromedriver.exe
17:05:06.986 [main] INFO org.testng.internal.Utils - [Utils] DynamicGraphHelper.createDynamicGraph() took 3 ms.
DOM tree is fully loaded
DOM tree is fully loaded
The user has clicked on element
DOM tree is fully loaded
DOM tree is fully loaded
DOM tree is fully loaded
DOM tree is fully loaded
The user has clicked on element
DOM tree is fully loaded
The user has clicked on element
DOM tree is fully loaded
]]></system-out>
    <system-err><![CDATA[Aug 02, 2024 5:05:10 PM org.openqa.selenium.devtools.CdpVersionFinder findNearestMatch
WARNING: Unable to find an exact match for CDP version 127, returning the closest version; found: 125; Please update to a Selenium version that supports CDP version 127
]]></system-err>
  </testcase>
  <testcase name="verifyAlreadyRegisteredUserCanNotSuccessfullyLoginWithWrongPassword" classname="com.skilo.gui.LoginTest" time="56.924">
    <system-out><![CDATA[The driver is about to be closed.
DOM tree is fully loaded
DOM tree is fully loaded
DOM tree is fully loaded
The user has clicked on element
DOM tree is fully loaded
DOM tree is fully loaded
DOM tree is fully loaded
DOM tree is fully loaded
DOM tree is fully loaded
The user has clicked on element
DOM tree is fully loaded
ERROR ! The navigation profile button was not presented to the user
ERROR ! The navigation logout button was not presented to the user
]]></system-out>
    <system-err><![CDATA[Aug 02, 2024 5:05:24 PM org.openqa.selenium.devtools.CdpVersionFinder findNearestMatch
WARNING: Unable to find an exact match for CDP version 127, returning the closest version; found: 125; Please update to a Selenium version that supports CDP version 127
]]></system-err>
  </testcase>
  <testcase name="verifyAlreadyRegisteredUserCanNotSuccessfullyLoginWithWrongUsername" classname="com.skilo.gui.LoginTest" time="53.608">
    <system-out><![CDATA[The driver is about to be closed.
DOM tree is fully loaded
DOM tree is fully loaded
DOM tree is fully loaded
The user has clicked on element
DOM tree is fully loaded
DOM tree is fully loaded
DOM tree is fully loaded
DOM tree is fully loaded
DOM tree is fully loaded
The user has clicked on element
DOM tree is fully loaded
ERROR ! The navigation profile button was not presented to the user
ERROR ! The navigation logout button was not presented to the user
]]></system-out>
    <system-err><![CDATA[Aug 02, 2024 5:06:23 PM org.openqa.selenium.devtools.CdpVersionFinder findNearestMatch
WARNING: Unable to find an exact match for CDP version 127, returning the closest version; found: 125; Please update to a Selenium version that supports CDP version 127
]]></system-err>
  </testcase>
  <testcase name="verifyAlreadyRegisteredUserCanNotSuccessfullyLoginWithNotProvidedCredentials" classname="com.skilo.gui.LoginTest" time="57.064">
    <system-out><![CDATA[The driver is about to be closed.
DOM tree is fully loaded
DOM tree is fully loaded
DOM tree is fully loaded
The user has clicked on element
DOM tree is fully loaded
DOM tree is fully loaded
DOM tree is fully loaded
DOM tree is fully loaded
DOM tree is fully loaded
The user has clicked on element
DOM tree is fully loaded
ERROR ! The navigation profile button was not presented to the user
ERROR ! The navigation logout button was not presented to the user
]]></system-out>
    <system-err><![CDATA[Aug 02, 2024 5:07:18 PM org.openqa.selenium.devtools.CdpVersionFinder findNearestMatch
WARNING: Unable to find an exact match for CDP version 127, returning the closest version; found: 125; Please update to a Selenium version that supports CDP version 127
]]></system-err>
  </testcase>
  <testcase name="verifyUserCanCreateNewPostAndDeleteIt[testingDemos, testing, testingDemos, src\test\resources\uploads\testUpload.jpg, Testing create post caption](1)" classname="com.skilo.gui.PostTest" time="12.981">
    <failure message="The number of Posts is incorrect! expected [1] but found [3]" type="java.lang.AssertionError"><![CDATA[java.lang.AssertionError: The number of Posts is incorrect! expected [1] but found [3]
	at org.testng.Assert.fail(Assert.java:111)
	at org.testng.Assert.failNotEquals(Assert.java:1578)
	at org.testng.Assert.assertEqualsImpl(Assert.java:150)
	at org.testng.Assert.assertEquals(Assert.java:132)
	at org.testng.Assert.assertEquals(Assert.java:1419)
	at org.testng.Assert.assertEquals(Assert.java:1383)
	at com.skilo.gui.PostTest.verifyUserCanCreateNewPostAndDeleteIt(PostTest.java:55)
	at java.base/jdk.internal.reflect.DirectMethodHandleAccessor.invoke(DirectMethodHandleAccessor.java:103)
	at java.base/java.lang.reflect.Method.invoke(Method.java:580)
	at org.testng.internal.invokers.MethodInvocationHelper.invokeMethod(MethodInvocationHelper.java:141)
	at org.testng.internal.invokers.TestInvoker.invokeMethod(TestInvoker.java:686)
	at org.testng.internal.invokers.TestInvoker.invokeTestMethod(TestInvoker.java:230)
	at org.testng.internal.invokers.MethodRunner.runInSequence(MethodRunner.java:63)
	at org.testng.internal.invokers.TestInvoker$MethodInvocationAgent.invoke(TestInvoker.java:992)
	at org.testng.internal.invokers.TestInvoker.invokeTestMethods(TestInvoker.java:203)
	at org.testng.internal.invokers.TestMethodWorker.invokeTestMethods(TestMethodWorker.java:154)
	at org.testng.internal.invokers.TestMethodWorker.run(TestMethodWorker.java:134)
	at java.base/java.util.ArrayList.forEach(ArrayList.java:1596)
	at org.testng.TestRunner.privateRun(TestRunner.java:739)
	at org.testng.TestRunner.run(TestRunner.java:614)
	at org.testng.SuiteRunner.runTest(SuiteRunner.java:421)
	at org.testng.SuiteRunner.runSequentially(SuiteRunner.java:413)
	at org.testng.SuiteRunner.privateRun(SuiteRunner.java:373)
	at org.testng.SuiteRunner.run(SuiteRunner.java:312)
	at org.testng.SuiteRunnerWorker.runSuite(SuiteRunnerWorker.java:52)
	at org.testng.SuiteRunnerWorker.run(SuiteRunnerWorker.java:95)
	at org.testng.TestNG.runSuitesSequentially(TestNG.java:1274)
	at org.testng.TestNG.runSuitesLocally(TestNG.java:1208)
	at org.testng.TestNG.runSuites(TestNG.java:1112)
	at org.testng.TestNG.run(TestNG.java:1079)
	at org.apache.maven.surefire.testng.TestNGExecutor.run(TestNGExecutor.java:324)
	at org.apache.maven.surefire.testng.TestNGXmlTestSuite.execute(TestNGXmlTestSuite.java:74)
	at org.apache.maven.surefire.testng.TestNGProvider.invoke(TestNGProvider.java:123)
	at org.apache.maven.surefire.booter.ForkedBooter.runSuitesInProcess(ForkedBooter.java:456)
	at org.apache.maven.surefire.booter.ForkedBooter.execute(ForkedBooter.java:169)
	at org.apache.maven.surefire.booter.ForkedBooter.run(ForkedBooter.java:595)
	at org.apache.maven.surefire.booter.ForkedBooter.main(ForkedBooter.java:581)
]]></failure>
    <system-out><![CDATA[The driver is about to be closed.
DOM tree is fully loaded
DOM tree is fully loaded
The user has clicked on element
DOM tree is fully loaded
DOM tree is fully loaded
DOM tree is fully loaded
DOM tree is fully loaded
The user has clicked on element
DOM tree is fully loaded
The user has clicked on element
DOM tree is fully loaded
CONFIRMATION # The file was successfully uploaded
CONFIRMATION # The file is visible.
CONFIRMATION # The image name is: testUpload.jpg
CONFIRMATION # The user has provided caption text :Testing create post caption
CONFIRMATION # The user has clicked on create post button
]]></system-out>
    <system-err><![CDATA[Aug 02, 2024 5:08:16 PM org.openqa.selenium.devtools.CdpVersionFinder findNearestMatch
WARNING: Unable to find an exact match for CDP version 127, returning the closest version; found: 125; Please update to a Selenium version that supports CDP version 127
]]></system-err>
  </testcase>
  <testcase name="verifyUserCanRegisterWithValidData" classname="com.skilo.gui.RegistrationTest" time="8.91">
    <system-out><![CDATA[The driver is about to be closed.
THE RANDOM GENERATED USERNAME IS: 265Student
THE RANDOM GENERATED EMAIL IS: 050832266@abv.bg
DOM tree is fully loaded
The user has clicked on element
DOM tree is fully loaded
The user has clicked on element
DOM tree is fully loaded
DOM tree is fully loaded
DOM tree is fully loaded
DOM tree is fully loaded
DOM tree is fully loaded
The user has clicked on element
DOM tree is fully loaded
The user has clicked on element
DOM tree is fully loaded
]]></system-out>
    <system-err><![CDATA[Aug 02, 2024 5:08:32 PM org.openqa.selenium.devtools.CdpVersionFinder findNearestMatch
WARNING: Unable to find an exact match for CDP version 127, returning the closest version; found: 125; Please update to a Selenium version that supports CDP version 127
]]></system-err>
  </testcase>
  <testcase name="verifyUserCanNotRegisterWithINValidData" classname="com.skilo.gui.RegistrationTest" time="8.26">
    <failure message="expected [false] but found [true]" type="java.lang.AssertionError"><![CDATA[java.lang.AssertionError: expected [false] but found [true]
	at org.testng.Assert.fail(Assert.java:111)
	at org.testng.Assert.failNotEquals(Assert.java:1578)
	at org.testng.Assert.assertFalse(Assert.java:79)
	at org.testng.Assert.assertFalse(Assert.java:89)
	at com.skilo.gui.RegistrationTest.verifyUserCanNotRegisterWithINValidData(RegistrationTest.java:60)
	at java.base/jdk.internal.reflect.DirectMethodHandleAccessor.invoke(DirectMethodHandleAccessor.java:103)
	at java.base/java.lang.reflect.Method.invoke(Method.java:580)
	at org.testng.internal.invokers.MethodInvocationHelper.invokeMethod(MethodInvocationHelper.java:141)
	at org.testng.internal.invokers.TestInvoker.invokeMethod(TestInvoker.java:686)
	at org.testng.internal.invokers.TestInvoker.invokeTestMethod(TestInvoker.java:230)
	at org.testng.internal.invokers.MethodRunner.runInSequence(MethodRunner.java:63)
	at org.testng.internal.invokers.TestInvoker$MethodInvocationAgent.invoke(TestInvoker.java:992)
	at org.testng.internal.invokers.TestInvoker.invokeTestMethods(TestInvoker.java:203)
	at org.testng.internal.invokers.TestMethodWorker.invokeTestMethods(TestMethodWorker.java:154)
	at org.testng.internal.invokers.TestMethodWorker.run(TestMethodWorker.java:134)
	at java.base/java.util.ArrayList.forEach(ArrayList.java:1596)
	at org.testng.TestRunner.privateRun(TestRunner.java:739)
	at org.testng.TestRunner.run(TestRunner.java:614)
	at org.testng.SuiteRunner.runTest(SuiteRunner.java:421)
	at org.testng.SuiteRunner.runSequentially(SuiteRunner.java:413)
	at org.testng.SuiteRunner.privateRun(SuiteRunner.java:373)
	at org.testng.SuiteRunner.run(SuiteRunner.java:312)
	at org.testng.SuiteRunnerWorker.runSuite(SuiteRunnerWorker.java:52)
	at org.testng.SuiteRunnerWorker.run(SuiteRunnerWorker.java:95)
	at org.testng.TestNG.runSuitesSequentially(TestNG.java:1274)
	at org.testng.TestNG.runSuitesLocally(TestNG.java:1208)
	at org.testng.TestNG.runSuites(TestNG.java:1112)
	at org.testng.TestNG.run(TestNG.java:1079)
	at org.apache.maven.surefire.testng.TestNGExecutor.run(TestNGExecutor.java:324)
	at org.apache.maven.surefire.testng.TestNGXmlTestSuite.execute(TestNGXmlTestSuite.java:74)
	at org.apache.maven.surefire.testng.TestNGProvider.invoke(TestNGProvider.java:123)
	at org.apache.maven.surefire.booter.ForkedBooter.runSuitesInProcess(ForkedBooter.java:456)
	at org.apache.maven.surefire.booter.ForkedBooter.execute(ForkedBooter.java:169)
	at org.apache.maven.surefire.booter.ForkedBooter.run(ForkedBooter.java:595)
	at org.apache.maven.surefire.booter.ForkedBooter.main(ForkedBooter.java:581)
]]></failure>
    <system-out><![CDATA[The driver is about to be closed.
THE RANDOM GENERATED USERNAME IS: willene.gaylord
THE RANDOM GENERATED EMAIL IS: Miss Jamison Hilll
DOM tree is fully loaded
The user has clicked on element
DOM tree is fully loaded
The user has clicked on element
DOM tree is fully loaded
DOM tree is fully loaded
DOM tree is fully loaded
DOM tree is fully loaded
DOM tree is fully loaded
The user has clicked on element
DOM tree is fully loaded
]]></system-out>
    <system-err><![CDATA[Aug 02, 2024 5:08:42 PM org.openqa.selenium.devtools.CdpVersionFinder findNearestMatch
WARNING: Unable to find an exact match for CDP version 127, returning the closest version; found: 125; Please update to a Selenium version that supports CDP version 127
]]></system-err>
  </testcase>
</testsuite>