<?xml version="1.0" encoding="UTF-8"?>
<testng-results ignored="0" total="8" passed="6" failed="2" skipped="0">
  <reporter-output>
  </reporter-output>
  <suite started-at="2024-08-06T01:55:58 EEST" name="All Test Suite" finished-at="2024-08-06T01:59:11 EEST" duration-ms="192992">
    <groups>
    </groups>
    <test started-at="2024-08-06T01:55:58 EEST" name="E:/Rossy/Skillo/SKAU14TAF" finished-at="2024-08-06T01:59:11 EEST" duration-ms="192992">
      <class name="com.skilo.gui.RegistrationTest">
        <test-method is-config="true" signature="setUpTest()[pri:0, instance:com.skilo.gui.RegistrationTest@1757cd72]" started-at="2024-08-06T01:58:56 EEST" name="setUpTest" finished-at="2024-08-06T01:58:58 EEST" duration-ms="2232" status="PASS">
          <reporter-output>
          </reporter-output>
        </test-method> <!-- setUpTest -->
        <test-method signature="verifyUserCanRegisterWithValidData()[pri:0, instance:com.skilo.gui.RegistrationTest@1757cd72]" started-at="2024-08-06T01:58:58 EEST" name="verifyUserCanRegisterWithValidData" finished-at="2024-08-06T01:59:03 EEST" duration-ms="5101" status="PASS">
          <reporter-output>
          </reporter-output>
        </test-method> <!-- verifyUserCanRegisterWithValidData -->
        <test-method is-config="true" signature="tearDownTest(org.testng.ITestResult)[pri:0, instance:com.skilo.gui.RegistrationTest@1757cd72]" started-at="2024-08-06T01:59:03 EEST" name="tearDownTest" finished-at="2024-08-06T01:59:03 EEST" duration-ms="360" status="PASS">
          <params>
            <param index="0">
              <value>
                <![CDATA[[TestResult name=verifyUserCanRegisterWithValidData status=SUCCESS method=RegistrationTest.verifyUserCanRegisterWithValidData()[pri:0, instance:com.skilo.gui.RegistrationTest@1757cd72] output={null}]]]>
              </value>
            </param>
          </params>
          <reporter-output>
          </reporter-output>
        </test-method> <!-- tearDownTest -->
        <test-method is-config="true" signature="setUpTest()[pri:0, instance:com.skilo.gui.RegistrationTest@1757cd72]" started-at="2024-08-06T01:59:03 EEST" name="setUpTest" finished-at="2024-08-06T01:59:04 EEST" duration-ms="1200" status="PASS">
          <reporter-output>
          </reporter-output>
        </test-method> <!-- setUpTest -->
        <test-method signature="verifyUserCanNotRegisterWithINValidData()[pri:0, instance:com.skilo.gui.RegistrationTest@1757cd72]" started-at="2024-08-06T01:59:04 EEST" name="verifyUserCanNotRegisterWithINValidData" finished-at="2024-08-06T01:59:10 EEST" duration-ms="5603" status="FAIL">
          <exception class="java.lang.AssertionError">
            <message>
              <![CDATA[User could successfully login with invalid data! expected [false] but found [true]]]>
            </message>
            <full-stacktrace>
              <![CDATA[java.lang.AssertionError: User could successfully login with invalid data! expected [false] but found [true]
at org.testng.Assert.fail(Assert.java:111)
at org.testng.Assert.failNotEquals(Assert.java:1578)
at org.testng.Assert.assertFalse(Assert.java:79)
at com.skilo.gui.RegistrationTest.verifyUserCanNotRegisterWithINValidData(RegistrationTest.java:58)
at java.base/jdk.internal.reflect.DirectMethodHandleAccessor.invoke(DirectMethodHandleAccessor.java:103)
at java.base/java.lang.reflect.Method.invoke(Method.java:580)
at org.testng.internal.invokers.MethodInvocationHelper.invokeMethod(MethodInvocationHelper.java:141)
at org.testng.internal.invokers.TestInvoker.invokeMethod(TestInvoker.java:686)
at org.testng.internal.invokers.TestInvoker.invokeTestMethod(TestInvoker.java:230)
at org.testng.internal.invokers.MethodRunner.runInSequence(MethodRunner.java:63)
at org.testng.internal.invokers.TestInvoker$MethodInvocationAgent.invoke(TestInvoker.java:992)
at org.testng.internal.invokers.TestInvoker.invokeTestMethods(TestInvoker.java:203)
at org.testng.internal.invokers.TestMethodWorker.invokeTestMethods(TestMethodWorker.java:154)
at org.testng.internal.invokers.TestMethodWorker.run(TestMethodWorker.java:134)
at java.base/java.util.ArrayList.forEach(ArrayList.java:1596)
at org.testng.TestRunner.privateRun(TestRunner.java:739)
at org.testng.TestRunner.run(TestRunner.java:614)
at org.testng.SuiteRunner.runTest(SuiteRunner.java:421)
at org.testng.SuiteRunner.runSequentially(SuiteRunner.java:413)
at org.testng.SuiteRunner.privateRun(SuiteRunner.java:373)
at org.testng.SuiteRunner.run(SuiteRunner.java:312)
at org.testng.SuiteRunnerWorker.runSuite(SuiteRunnerWorker.java:52)
at org.testng.SuiteRunnerWorker.run(SuiteRunnerWorker.java:95)
at org.testng.TestNG.runSuitesSequentially(TestNG.java:1274)
at org.testng.TestNG.runSuitesLocally(TestNG.java:1208)
at org.testng.TestNG.runSuites(TestNG.java:1112)
at org.testng.TestNG.run(TestNG.java:1079)
at org.apache.maven.surefire.testng.TestNGExecutor.run(TestNGExecutor.java:324)
at org.apache.maven.surefire.testng.TestNGXmlTestSuite.execute(TestNGXmlTestSuite.java:74)
at org.apache.maven.surefire.testng.TestNGProvider.invoke(TestNGProvider.java:123)
at org.apache.maven.surefire.booter.ForkedBooter.runSuitesInProcess(ForkedBooter.java:456)
at org.apache.maven.surefire.booter.ForkedBooter.execute(ForkedBooter.java:169)
at org.apache.maven.surefire.booter.ForkedBooter.run(ForkedBooter.java:595)
at org.apache.maven.surefire.booter.ForkedBooter.main(ForkedBooter.java:581)
]]>
            </full-stacktrace>
          </exception> <!-- java.lang.AssertionError -->
          <reporter-output>
          </reporter-output>
        </test-method> <!-- verifyUserCanNotRegisterWithINValidData -->
        <test-method is-config="true" signature="tearDownTest(org.testng.ITestResult)[pri:0, instance:com.skilo.gui.RegistrationTest@1757cd72]" started-at="2024-08-06T01:59:10 EEST" name="tearDownTest" finished-at="2024-08-06T01:59:11 EEST" duration-ms="550" status="PASS">
          <params>
            <param index="0">
              <value>
                <![CDATA[[TestResult name=verifyUserCanNotRegisterWithINValidData status=FAILURE method=RegistrationTest.verifyUserCanNotRegisterWithINValidData()[pri:0, instance:com.skilo.gui.RegistrationTest@1757cd72] output={null}]]]>
              </value>
            </param>
          </params>
          <reporter-output>
          </reporter-output>
        </test-method> <!-- tearDownTest -->
      </class> <!-- com.skilo.gui.RegistrationTest -->
      <class name="com.skilo.gui.LoginTest">
        <test-method is-config="true" signature="setupTestSuite()[pri:0, instance:com.skilo.gui.LoginTest@1f59a598]" started-at="2024-08-06T01:55:57 EEST" name="setupTestSuite" finished-at="2024-08-06T01:55:58 EEST" duration-ms="749" status="PASS">
          <reporter-output>
          </reporter-output>
        </test-method> <!-- setupTestSuite -->
        <test-method is-config="true" signature="setUpTest()[pri:0, instance:com.skilo.gui.LoginTest@1f59a598]" started-at="2024-08-06T01:55:58 EEST" name="setUpTest" finished-at="2024-08-06T01:56:04 EEST" duration-ms="6092" status="PASS">
          <reporter-output>
          </reporter-output>
        </test-method> <!-- setUpTest -->
        <test-method signature="verifyAlreadyRegisteredUserCanSuccessfullyLogin()[pri:0, instance:com.skilo.gui.LoginTest@1f59a598]" started-at="2024-08-06T01:56:04 EEST" name="verifyAlreadyRegisteredUserCanSuccessfullyLogin" finished-at="2024-08-06T01:56:09 EEST" duration-ms="5285" status="PASS">
          <reporter-output>
          </reporter-output>
        </test-method> <!-- verifyAlreadyRegisteredUserCanSuccessfullyLogin -->
        <test-method is-config="true" signature="tearDownTest(org.testng.ITestResult)[pri:0, instance:com.skilo.gui.LoginTest@1f59a598]" started-at="2024-08-06T01:56:09 EEST" name="tearDownTest" finished-at="2024-08-06T01:56:10 EEST" duration-ms="551" status="PASS">
          <params>
            <param index="0">
              <value>
                <![CDATA[[TestResult name=verifyAlreadyRegisteredUserCanSuccessfullyLogin status=SUCCESS method=LoginTest.verifyAlreadyRegisteredUserCanSuccessfullyLogin()[pri:0, instance:com.skilo.gui.LoginTest@1f59a598] output={null}]]]>
              </value>
            </param>
          </params>
          <reporter-output>
          </reporter-output>
        </test-method> <!-- tearDownTest -->
        <test-method is-config="true" signature="setUpTest()[pri:0, instance:com.skilo.gui.LoginTest@1f59a598]" started-at="2024-08-06T01:56:10 EEST" name="setUpTest" finished-at="2024-08-06T01:56:11 EEST" duration-ms="1679" status="PASS">
          <reporter-output>
          </reporter-output>
        </test-method> <!-- setUpTest -->
        <test-method signature="verifyAlreadyRegisteredUserCanNotSuccessfullyLoginWithWrongPassword()[pri:0, instance:com.skilo.gui.LoginTest@1f59a598]" started-at="2024-08-06T01:56:11 EEST" name="verifyAlreadyRegisteredUserCanNotSuccessfullyLoginWithWrongPassword" finished-at="2024-08-06T01:56:59 EEST" duration-ms="47984" status="PASS">
          <reporter-output>
          </reporter-output>
        </test-method> <!-- verifyAlreadyRegisteredUserCanNotSuccessfullyLoginWithWrongPassword -->
        <test-method is-config="true" signature="tearDownTest(org.testng.ITestResult)[pri:0, instance:com.skilo.gui.LoginTest@1f59a598]" started-at="2024-08-06T01:56:59 EEST" name="tearDownTest" finished-at="2024-08-06T01:57:00 EEST" duration-ms="368" status="PASS">
          <params>
            <param index="0">
              <value>
                <![CDATA[[TestResult name=verifyAlreadyRegisteredUserCanNotSuccessfullyLoginWithWrongPassword status=SUCCESS method=LoginTest.verifyAlreadyRegisteredUserCanNotSuccessfullyLoginWithWrongPassword()[pri:0, instance:com.skilo.gui.LoginTest@1f59a598] output={null}]]]>
              </value>
            </param>
          </params>
          <reporter-output>
          </reporter-output>
        </test-method> <!-- tearDownTest -->
        <test-method is-config="true" signature="setUpTest()[pri:0, instance:com.skilo.gui.LoginTest@1f59a598]" started-at="2024-08-06T01:57:00 EEST" name="setUpTest" finished-at="2024-08-06T01:57:01 EEST" duration-ms="1210" status="PASS">
          <reporter-output>
          </reporter-output>
        </test-method> <!-- setUpTest -->
        <test-method signature="verifyAlreadyRegisteredUserCanNotSuccessfullyLoginWithWrongUsername()[pri:0, instance:com.skilo.gui.LoginTest@1f59a598]" started-at="2024-08-06T01:57:01 EEST" name="verifyAlreadyRegisteredUserCanNotSuccessfullyLoginWithWrongUsername" finished-at="2024-08-06T01:57:48 EEST" duration-ms="47011" status="PASS">
          <reporter-output>
          </reporter-output>
        </test-method> <!-- verifyAlreadyRegisteredUserCanNotSuccessfullyLoginWithWrongUsername -->
        <test-method is-config="true" signature="tearDownTest(org.testng.ITestResult)[pri:0, instance:com.skilo.gui.LoginTest@1f59a598]" started-at="2024-08-06T01:57:48 EEST" name="tearDownTest" finished-at="2024-08-06T01:57:48 EEST" duration-ms="313" status="PASS">
          <params>
            <param index="0">
              <value>
                <![CDATA[[TestResult name=verifyAlreadyRegisteredUserCanNotSuccessfullyLoginWithWrongUsername status=SUCCESS method=LoginTest.verifyAlreadyRegisteredUserCanNotSuccessfullyLoginWithWrongUsername()[pri:0, instance:com.skilo.gui.LoginTest@1f59a598] output={null}]]]>
              </value>
            </param>
          </params>
          <reporter-output>
          </reporter-output>
        </test-method> <!-- tearDownTest -->
        <test-method is-config="true" signature="setUpTest()[pri:0, instance:com.skilo.gui.LoginTest@1f59a598]" started-at="2024-08-06T01:57:48 EEST" name="setUpTest" finished-at="2024-08-06T01:57:49 EEST" duration-ms="1238" status="PASS">
          <reporter-output>
          </reporter-output>
        </test-method> <!-- setUpTest -->
        <test-method signature="verifyAlreadyRegisteredUserCanNotSuccessfullyLoginWithNotProvidedCredentials()[pri:0, instance:com.skilo.gui.LoginTest@1f59a598]" started-at="2024-08-06T01:57:49 EEST" name="verifyAlreadyRegisteredUserCanNotSuccessfullyLoginWithNotProvidedCredentials" finished-at="2024-08-06T01:58:36 EEST" duration-ms="46840" status="PASS">
          <reporter-output>
          </reporter-output>
        </test-method> <!-- verifyAlreadyRegisteredUserCanNotSuccessfullyLoginWithNotProvidedCredentials -->
        <test-method is-config="true" signature="tearDownTest(org.testng.ITestResult)[pri:0, instance:com.skilo.gui.LoginTest@1f59a598]" started-at="2024-08-06T01:58:36 EEST" name="tearDownTest" finished-at="2024-08-06T01:58:37 EEST" duration-ms="407" status="PASS">
          <params>
            <param index="0">
              <value>
                <![CDATA[[TestResult name=verifyAlreadyRegisteredUserCanNotSuccessfullyLoginWithNotProvidedCredentials status=SUCCESS method=LoginTest.verifyAlreadyRegisteredUserCanNotSuccessfullyLoginWithNotProvidedCredentials()[pri:0, instance:com.skilo.gui.LoginTest@1f59a598] output={null}]]]>
              </value>
            </param>
          </params>
          <reporter-output>
          </reporter-output>
        </test-method> <!-- tearDownTest -->
        <test-method is-config="true" signature="cleanFiles()[pri:0, instance:com.skilo.gui.LoginTest@1f59a598]" started-at="2024-08-06T01:59:11 EEST" name="cleanFiles" finished-at="2024-08-06T01:59:11 EEST" duration-ms="2" status="PASS">
          <reporter-output>
          </reporter-output>
        </test-method> <!-- cleanFiles -->
      </class> <!-- com.skilo.gui.LoginTest -->
      <class name="com.skilo.gui.PostTest">
        <test-method is-config="true" signature="setUpTest()[pri:0, instance:com.skilo.gui.PostTest@2e377400]" started-at="2024-08-06T01:58:37 EEST" name="setUpTest" finished-at="2024-08-06T01:58:38 EEST" duration-ms="1327" status="PASS">
          <reporter-output>
          </reporter-output>
        </test-method> <!-- setUpTest -->
        <test-method signature="verifyUserCanCreateNewPostAndDeleteIt(java.lang.String,java.lang.String,java.lang.String,java.io.File,java.lang.String)[pri:0, instance:com.skilo.gui.PostTest@2e377400]" started-at="2024-08-06T01:58:38 EEST" name="verifyUserCanCreateNewPostAndDeleteIt" data-provider="PostTestDataProvider" finished-at="2024-08-06T01:58:46 EEST" duration-ms="8216" status="PASS">
          <params>
            <param index="0">
              <value>
                <![CDATA[jussy_]]>
              </value>
            </param>
            <param index="1">
              <value>
                <![CDATA[Roska666.]]>
              </value>
            </param>
            <param index="2">
              <value>
                <![CDATA[jussy_]]>
              </value>
            </param>
            <param index="3">
              <value>
                <![CDATA[src\test\resources\uploads\testUpload.jpg]]>
              </value>
            </param>
            <param index="4">
              <value>
                <![CDATA[Testing create post caption]]>
              </value>
            </param>
          </params>
          <reporter-output>
          </reporter-output>
        </test-method> <!-- verifyUserCanCreateNewPostAndDeleteIt -->
        <test-method is-config="true" signature="tearDownTest(org.testng.ITestResult)[pri:0, instance:com.skilo.gui.PostTest@2e377400]" started-at="2024-08-06T01:58:46 EEST" name="tearDownTest" finished-at="2024-08-06T01:58:47 EEST" duration-ms="349" status="PASS">
          <params>
            <param index="0">
              <value>
                <![CDATA[[TestResult name=verifyUserCanCreateNewPostAndDeleteIt status=SUCCESS method=PostTest.verifyUserCanCreateNewPostAndDeleteIt(java.lang.String,java.lang.String,java.lang.String,java.io.File,java.lang.String)[pri:0, instance:com.skilo.gui.PostTest@2e377400] output={null}]]]>
              </value>
            </param>
          </params>
          <reporter-output>
          </reporter-output>
        </test-method> <!-- tearDownTest -->
        <test-method is-config="true" signature="setUpTest()[pri:0, instance:com.skilo.gui.PostTest@2e377400]" started-at="2024-08-06T01:58:47 EEST" name="setUpTest" finished-at="2024-08-06T01:58:48 EEST" duration-ms="1068" status="PASS">
          <reporter-output>
          </reporter-output>
        </test-method> <!-- setUpTest -->
        <test-method signature="verifyUserCouldCancelDeletingAPost(java.lang.String,java.lang.String,java.lang.String,java.io.File,java.lang.String)[pri:0, instance:com.skilo.gui.PostTest@2e377400]" started-at="2024-08-06T01:58:48 EEST" name="verifyUserCouldCancelDeletingAPost" data-provider="PostTestDataProvider" finished-at="2024-08-06T01:58:55 EEST" duration-ms="7272" status="FAIL">
          <params>
            <param index="0">
              <value>
                <![CDATA[jussy_]]>
              </value>
            </param>
            <param index="1">
              <value>
                <![CDATA[Roska666.]]>
              </value>
            </param>
            <param index="2">
              <value>
                <![CDATA[jussy_]]>
              </value>
            </param>
            <param index="3">
              <value>
                <![CDATA[src\test\resources\uploads\testUpload.jpg]]>
              </value>
            </param>
            <param index="4">
              <value>
                <![CDATA[Testing create post caption]]>
              </value>
            </param>
          </params>
          <exception class="java.lang.AssertionError">
            <message>
              <![CDATA[The image was deleted, although it shouldn't be! expected [false] but found [true]]]>
            </message>
            <full-stacktrace>
              <![CDATA[java.lang.AssertionError: The image was deleted, although it shouldn't be! expected [false] but found [true]
at org.testng.Assert.fail(Assert.java:111)
at org.testng.Assert.failNotEquals(Assert.java:1578)
at org.testng.Assert.assertFalse(Assert.java:79)
at com.skilo.gui.PostTest.verifyUserCouldCancelDeletingAPost(PostTest.java:106)
at java.base/jdk.internal.reflect.DirectMethodHandleAccessor.invoke(DirectMethodHandleAccessor.java:103)
at java.base/java.lang.reflect.Method.invoke(Method.java:580)
at org.testng.internal.invokers.MethodInvocationHelper.invokeMethod(MethodInvocationHelper.java:141)
at org.testng.internal.invokers.TestInvoker.invokeMethod(TestInvoker.java:686)
at org.testng.internal.invokers.TestInvoker.invokeTestMethod(TestInvoker.java:230)
at org.testng.internal.invokers.MethodRunner.runInSequence(MethodRunner.java:63)
at org.testng.internal.invokers.TestInvoker$MethodInvocationAgent.invoke(TestInvoker.java:992)
at org.testng.internal.invokers.TestInvoker.invokeTestMethods(TestInvoker.java:203)
at org.testng.internal.invokers.TestMethodWorker.invokeTestMethods(TestMethodWorker.java:154)
at org.testng.internal.invokers.TestMethodWorker.run(TestMethodWorker.java:134)
at java.base/java.util.ArrayList.forEach(ArrayList.java:1596)
at org.testng.TestRunner.privateRun(TestRunner.java:739)
at org.testng.TestRunner.run(TestRunner.java:614)
at org.testng.SuiteRunner.runTest(SuiteRunner.java:421)
at org.testng.SuiteRunner.runSequentially(SuiteRunner.java:413)
at org.testng.SuiteRunner.privateRun(SuiteRunner.java:373)
at org.testng.SuiteRunner.run(SuiteRunner.java:312)
at org.testng.SuiteRunnerWorker.runSuite(SuiteRunnerWorker.java:52)
at org.testng.SuiteRunnerWorker.run(SuiteRunnerWorker.java:95)
at org.testng.TestNG.runSuitesSequentially(TestNG.java:1274)
at org.testng.TestNG.runSuitesLocally(TestNG.java:1208)
at org.testng.TestNG.runSuites(TestNG.java:1112)
at org.testng.TestNG.run(TestNG.java:1079)
at org.apache.maven.surefire.testng.TestNGExecutor.run(TestNGExecutor.java:324)
at org.apache.maven.surefire.testng.TestNGXmlTestSuite.execute(TestNGXmlTestSuite.java:74)
at org.apache.maven.surefire.testng.TestNGProvider.invoke(TestNGProvider.java:123)
at org.apache.maven.surefire.booter.ForkedBooter.runSuitesInProcess(ForkedBooter.java:456)
at org.apache.maven.surefire.booter.ForkedBooter.execute(ForkedBooter.java:169)
at org.apache.maven.surefire.booter.ForkedBooter.run(ForkedBooter.java:595)
at org.apache.maven.surefire.booter.ForkedBooter.main(ForkedBooter.java:581)
]]>
            </full-stacktrace>
          </exception> <!-- java.lang.AssertionError -->
          <reporter-output>
          </reporter-output>
        </test-method> <!-- verifyUserCouldCancelDeletingAPost -->
        <test-method is-config="true" signature="tearDownTest(org.testng.ITestResult)[pri:0, instance:com.skilo.gui.PostTest@2e377400]" started-at="2024-08-06T01:58:55 EEST" name="tearDownTest" finished-at="2024-08-06T01:58:56 EEST" duration-ms="654" status="PASS">
          <params>
            <param index="0">
              <value>
                <![CDATA[[TestResult name=verifyUserCouldCancelDeletingAPost status=FAILURE method=PostTest.verifyUserCouldCancelDeletingAPost(java.lang.String,java.lang.String,java.lang.String,java.io.File,java.lang.String)[pri:0, instance:com.skilo.gui.PostTest@2e377400] output={null}]]]>
              </value>
            </param>
          </params>
          <reporter-output>
          </reporter-output>
        </test-method> <!-- tearDownTest -->
      </class> <!-- com.skilo.gui.PostTest -->
    </test> <!-- E:/Rossy/Skillo/SKAU14TAF -->
  </suite> <!-- All Test Suite -->
</testng-results>
