<?xml version="1.0" encoding="UTF-8"?>
<testng-results ignored="0" total="7" passed="5" failed="2" skipped="0">
  <reporter-output>
  </reporter-output>
  <suite started-at="2024-08-02T17:05:06 EEST" name="All Test Suite" finished-at="2024-08-02T17:08:51 EEST" duration-ms="224462">
    <groups>
    </groups>
    <test started-at="2024-08-02T17:05:06 EEST" name="E:/Rossy/Skillo/SKAU14TAF" finished-at="2024-08-02T17:08:51 EEST" duration-ms="224462">
      <class name="com.skilo.gui.RegistrationTest">
        <test-method is-config="true" signature="setUpTest()[pri:0, instance:com.skilo.gui.RegistrationTest@2e377400]" started-at="2024-08-02T17:08:30 EEST" name="setUpTest" finished-at="2024-08-02T17:08:32 EEST" duration-ms="1443" status="PASS">
          <reporter-output>
          </reporter-output>
        </test-method> <!-- setUpTest -->
        <test-method signature="verifyUserCanRegisterWithValidData()[pri:0, instance:com.skilo.gui.RegistrationTest@2e377400]" started-at="2024-08-02T17:08:32 EEST" name="verifyUserCanRegisterWithValidData" finished-at="2024-08-02T17:08:41 EEST" duration-ms="8910" status="PASS">
          <reporter-output>
          </reporter-output>
        </test-method> <!-- verifyUserCanRegisterWithValidData -->
        <test-method is-config="true" signature="tearDownTest(org.testng.ITestResult)[pri:0, instance:com.skilo.gui.RegistrationTest@2e377400]" started-at="2024-08-02T17:08:41 EEST" name="tearDownTest" finished-at="2024-08-02T17:08:41 EEST" duration-ms="361" status="PASS">
          <params>
            <param index="0">
              <value>
                <![CDATA[[TestResult name=verifyUserCanRegisterWithValidData status=SUCCESS method=RegistrationTest.verifyUserCanRegisterWithValidData()[pri:0, instance:com.skilo.gui.RegistrationTest@2e377400] output={null}]]]>
              </value>
            </param>
          </params>
          <reporter-output>
          </reporter-output>
        </test-method> <!-- tearDownTest -->
        <test-method is-config="true" signature="setUpTest()[pri:0, instance:com.skilo.gui.RegistrationTest@2e377400]" started-at="2024-08-02T17:08:41 EEST" name="setUpTest" finished-at="2024-08-02T17:08:42 EEST" duration-ms="1234" status="PASS">
          <reporter-output>
          </reporter-output>
        </test-method> <!-- setUpTest -->
        <test-method signature="verifyUserCanNotRegisterWithINValidData()[pri:0, instance:com.skilo.gui.RegistrationTest@2e377400]" started-at="2024-08-02T17:08:42 EEST" name="verifyUserCanNotRegisterWithINValidData" finished-at="2024-08-02T17:08:51 EEST" duration-ms="8268" status="FAIL">
          <exception class="java.lang.AssertionError">
            <message>
              <![CDATA[expected [false] but found [true]]]>
            </message>
            <full-stacktrace>
              <![CDATA[java.lang.AssertionError: expected [false] but found [true]
at org.testng.Assert.fail(Assert.java:111)
at org.testng.Assert.failNotEquals(Assert.java:1578)
at org.testng.Assert.assertFalse(Assert.java:79)
at org.testng.Assert.assertFalse(Assert.java:89)
at com.skilo.gui.RegistrationTest.verifyUserCanNotRegisterWithINValidData(RegistrationTest.java:60)
at java.base/jdk.internal.reflect.DirectMethodHandleAccessor.invoke(DirectMethodHandleAccessor.java:103)
at java.base/java.lang.reflect.Method.invoke(Method.java:580)
at org.testng.internal.invokers.MethodInvocationHelper.invokeMethod(MethodInvocationHelper.java:141)
at org.testng.internal.invokers.TestInvoker.invokeMethod(TestInvoker.java:686)
at org.testng.internal.invokers.TestInvoker.invokeTestMethod(TestInvoker.java:230)
at org.testng.internal.invokers.MethodRunner.runInSequence(MethodRunner.java:63)
at org.testng.internal.invokers.TestInvoker$MethodInvocationAgent.invoke(TestInvoker.java:992)
at org.testng.internal.invokers.TestInvoker.invokeTestMethods(TestInvoker.java:203)
at org.testng.internal.invokers.TestMethodWorker.invokeTestMethods(TestMethodWorker.java:154)
at org.testng.internal.invokers.TestMethodWorker.run(TestMethodWorker.java:134)
at java.base/java.util.ArrayList.forEach(ArrayList.java:1596)
at org.testng.TestRunner.privateRun(TestRunner.java:739)
at org.testng.TestRunner.run(TestRunner.java:614)
at org.testng.SuiteRunner.runTest(SuiteRunner.java:421)
at org.testng.SuiteRunner.runSequentially(SuiteRunner.java:413)
at org.testng.SuiteRunner.privateRun(SuiteRunner.java:373)
at org.testng.SuiteRunner.run(SuiteRunner.java:312)
at org.testng.SuiteRunnerWorker.runSuite(SuiteRunnerWorker.java:52)
at org.testng.SuiteRunnerWorker.run(SuiteRunnerWorker.java:95)
at org.testng.TestNG.runSuitesSequentially(TestNG.java:1274)
at org.testng.TestNG.runSuitesLocally(TestNG.java:1208)
at org.testng.TestNG.runSuites(TestNG.java:1112)
at org.testng.TestNG.run(TestNG.java:1079)
at org.apache.maven.surefire.testng.TestNGExecutor.run(TestNGExecutor.java:324)
at org.apache.maven.surefire.testng.TestNGXmlTestSuite.execute(TestNGXmlTestSuite.java:74)
at org.apache.maven.surefire.testng.TestNGProvider.invoke(TestNGProvider.java:123)
at org.apache.maven.surefire.booter.ForkedBooter.runSuitesInProcess(ForkedBooter.java:456)
at org.apache.maven.surefire.booter.ForkedBooter.execute(ForkedBooter.java:169)
at org.apache.maven.surefire.booter.ForkedBooter.run(ForkedBooter.java:595)
at org.apache.maven.surefire.booter.ForkedBooter.main(ForkedBooter.java:581)
]]>
            </full-stacktrace>
          </exception> <!-- java.lang.AssertionError -->
          <reporter-output>
          </reporter-output>
        </test-method> <!-- verifyUserCanNotRegisterWithINValidData -->
        <test-method is-config="true" signature="tearDownTest(org.testng.ITestResult)[pri:0, instance:com.skilo.gui.RegistrationTest@2e377400]" started-at="2024-08-02T17:08:51 EEST" name="tearDownTest" finished-at="2024-08-02T17:08:51 EEST" duration-ms="431" status="PASS">
          <params>
            <param index="0">
              <value>
                <![CDATA[[TestResult name=verifyUserCanNotRegisterWithINValidData status=FAILURE method=RegistrationTest.verifyUserCanNotRegisterWithINValidData()[pri:0, instance:com.skilo.gui.RegistrationTest@2e377400] output={null}]]]>
              </value>
            </param>
          </params>
          <reporter-output>
          </reporter-output>
        </test-method> <!-- tearDownTest -->
      </class> <!-- com.skilo.gui.RegistrationTest -->
      <class name="com.skilo.gui.LoginTest">
        <test-method is-config="true" signature="setupTestSuite()[pri:0, instance:com.skilo.gui.LoginTest@7ee8290b]" started-at="2024-08-02T17:05:06 EEST" name="setupTestSuite" finished-at="2024-08-02T17:05:06 EEST" duration-ms="750" status="PASS">
          <reporter-output>
          </reporter-output>
        </test-method> <!-- setupTestSuite -->
        <test-method is-config="true" signature="setUpTest()[pri:0, instance:com.skilo.gui.LoginTest@7ee8290b]" started-at="2024-08-02T17:05:07 EEST" name="setUpTest" finished-at="2024-08-02T17:05:11 EEST" duration-ms="4033" status="PASS">
          <reporter-output>
          </reporter-output>
        </test-method> <!-- setUpTest -->
        <test-method signature="verifyAlreadyRegisteredUserCanSuccessfullyLogin()[pri:0, instance:com.skilo.gui.LoginTest@7ee8290b]" started-at="2024-08-02T17:05:11 EEST" name="verifyAlreadyRegisteredUserCanSuccessfullyLogin" finished-at="2024-08-02T17:05:22 EEST" duration-ms="11887" status="PASS">
          <reporter-output>
          </reporter-output>
        </test-method> <!-- verifyAlreadyRegisteredUserCanSuccessfullyLogin -->
        <test-method is-config="true" signature="tearDownTest(org.testng.ITestResult)[pri:0, instance:com.skilo.gui.LoginTest@7ee8290b]" started-at="2024-08-02T17:05:22 EEST" name="tearDownTest" finished-at="2024-08-02T17:05:23 EEST" duration-ms="388" status="PASS">
          <params>
            <param index="0">
              <value>
                <![CDATA[[TestResult name=verifyAlreadyRegisteredUserCanSuccessfullyLogin status=SUCCESS method=LoginTest.verifyAlreadyRegisteredUserCanSuccessfullyLogin()[pri:0, instance:com.skilo.gui.LoginTest@7ee8290b] output={null}]]]>
              </value>
            </param>
          </params>
          <reporter-output>
          </reporter-output>
        </test-method> <!-- tearDownTest -->
        <test-method is-config="true" signature="setUpTest()[pri:0, instance:com.skilo.gui.LoginTest@7ee8290b]" started-at="2024-08-02T17:05:23 EEST" name="setUpTest" finished-at="2024-08-02T17:05:24 EEST" duration-ms="1401" status="PASS">
          <reporter-output>
          </reporter-output>
        </test-method> <!-- setUpTest -->
        <test-method signature="verifyAlreadyRegisteredUserCanNotSuccessfullyLoginWithWrongPassword()[pri:0, instance:com.skilo.gui.LoginTest@7ee8290b]" started-at="2024-08-02T17:05:24 EEST" name="verifyAlreadyRegisteredUserCanNotSuccessfullyLoginWithWrongPassword" finished-at="2024-08-02T17:06:21 EEST" duration-ms="56942" status="PASS">
          <reporter-output>
          </reporter-output>
        </test-method> <!-- verifyAlreadyRegisteredUserCanNotSuccessfullyLoginWithWrongPassword -->
        <test-method is-config="true" signature="tearDownTest(org.testng.ITestResult)[pri:0, instance:com.skilo.gui.LoginTest@7ee8290b]" started-at="2024-08-02T17:06:21 EEST" name="tearDownTest" finished-at="2024-08-02T17:06:21 EEST" duration-ms="317" status="PASS">
          <params>
            <param index="0">
              <value>
                <![CDATA[[TestResult name=verifyAlreadyRegisteredUserCanNotSuccessfullyLoginWithWrongPassword status=SUCCESS method=LoginTest.verifyAlreadyRegisteredUserCanNotSuccessfullyLoginWithWrongPassword()[pri:0, instance:com.skilo.gui.LoginTest@7ee8290b] output={null}]]]>
              </value>
            </param>
          </params>
          <reporter-output>
          </reporter-output>
        </test-method> <!-- tearDownTest -->
        <test-method is-config="true" signature="setUpTest()[pri:0, instance:com.skilo.gui.LoginTest@7ee8290b]" started-at="2024-08-02T17:06:21 EEST" name="setUpTest" finished-at="2024-08-02T17:06:23 EEST" duration-ms="1438" status="PASS">
          <reporter-output>
          </reporter-output>
        </test-method> <!-- setUpTest -->
        <test-method signature="verifyAlreadyRegisteredUserCanNotSuccessfullyLoginWithWrongUsername()[pri:0, instance:com.skilo.gui.LoginTest@7ee8290b]" started-at="2024-08-02T17:06:23 EEST" name="verifyAlreadyRegisteredUserCanNotSuccessfullyLoginWithWrongUsername" finished-at="2024-08-02T17:07:17 EEST" duration-ms="53609" status="PASS">
          <reporter-output>
          </reporter-output>
        </test-method> <!-- verifyAlreadyRegisteredUserCanNotSuccessfullyLoginWithWrongUsername -->
        <test-method is-config="true" signature="tearDownTest(org.testng.ITestResult)[pri:0, instance:com.skilo.gui.LoginTest@7ee8290b]" started-at="2024-08-02T17:07:17 EEST" name="tearDownTest" finished-at="2024-08-02T17:07:17 EEST" duration-ms="325" status="PASS">
          <params>
            <param index="0">
              <value>
                <![CDATA[[TestResult name=verifyAlreadyRegisteredUserCanNotSuccessfullyLoginWithWrongUsername status=SUCCESS method=LoginTest.verifyAlreadyRegisteredUserCanNotSuccessfullyLoginWithWrongUsername()[pri:0, instance:com.skilo.gui.LoginTest@7ee8290b] output={null}]]]>
              </value>
            </param>
          </params>
          <reporter-output>
          </reporter-output>
        </test-method> <!-- tearDownTest -->
        <test-method is-config="true" signature="setUpTest()[pri:0, instance:com.skilo.gui.LoginTest@7ee8290b]" started-at="2024-08-02T17:07:17 EEST" name="setUpTest" finished-at="2024-08-02T17:07:18 EEST" duration-ms="1193" status="PASS">
          <reporter-output>
          </reporter-output>
        </test-method> <!-- setUpTest -->
        <test-method signature="verifyAlreadyRegisteredUserCanNotSuccessfullyLoginWithNotProvidedCredentials()[pri:0, instance:com.skilo.gui.LoginTest@7ee8290b]" started-at="2024-08-02T17:07:18 EEST" name="verifyAlreadyRegisteredUserCanNotSuccessfullyLoginWithNotProvidedCredentials" finished-at="2024-08-02T17:08:15 EEST" duration-ms="57066" status="PASS">
          <reporter-output>
          </reporter-output>
        </test-method> <!-- verifyAlreadyRegisteredUserCanNotSuccessfullyLoginWithNotProvidedCredentials -->
        <test-method is-config="true" signature="tearDownTest(org.testng.ITestResult)[pri:0, instance:com.skilo.gui.LoginTest@7ee8290b]" started-at="2024-08-02T17:08:15 EEST" name="tearDownTest" finished-at="2024-08-02T17:08:15 EEST" duration-ms="292" status="PASS">
          <params>
            <param index="0">
              <value>
                <![CDATA[[TestResult name=verifyAlreadyRegisteredUserCanNotSuccessfullyLoginWithNotProvidedCredentials status=SUCCESS method=LoginTest.verifyAlreadyRegisteredUserCanNotSuccessfullyLoginWithNotProvidedCredentials()[pri:0, instance:com.skilo.gui.LoginTest@7ee8290b] output={null}]]]>
              </value>
            </param>
          </params>
          <reporter-output>
          </reporter-output>
        </test-method> <!-- tearDownTest -->
        <test-method is-config="true" signature="cleanFiles()[pri:0, instance:com.skilo.gui.LoginTest@7ee8290b]" started-at="2024-08-02T17:08:51 EEST" name="cleanFiles" finished-at="2024-08-02T17:08:51 EEST" duration-ms="2" status="PASS">
          <reporter-output>
          </reporter-output>
        </test-method> <!-- cleanFiles -->
      </class> <!-- com.skilo.gui.LoginTest -->
      <class name="com.skilo.gui.PostTest">
        <test-method is-config="true" signature="setUpTest()[pri:0, instance:com.skilo.gui.PostTest@561b6512]" started-at="2024-08-02T17:08:15 EEST" name="setUpTest" finished-at="2024-08-02T17:08:17 EEST" duration-ms="1195" status="PASS">
          <reporter-output>
          </reporter-output>
        </test-method> <!-- setUpTest -->
        <test-method signature="verifyUserCanCreateNewPostAndDeleteIt(java.lang.String,java.lang.String,java.lang.String,java.io.File,java.lang.String)[pri:0, instance:com.skilo.gui.PostTest@561b6512]" started-at="2024-08-02T17:08:17 EEST" name="verifyUserCanCreateNewPostAndDeleteIt" data-provider="PostTestDataProvider" finished-at="2024-08-02T17:08:30 EEST" duration-ms="12972" status="FAIL">
          <params>
            <param index="0">
              <value>
                <![CDATA[testingDemos]]>
              </value>
            </param>
            <param index="1">
              <value>
                <![CDATA[testing]]>
              </value>
            </param>
            <param index="2">
              <value>
                <![CDATA[testingDemos]]>
              </value>
            </param>
            <param index="3">
              <value>
                <![CDATA[src\test\resources\uploads\testUpload.jpg]]>
              </value>
            </param>
            <param index="4">
              <value>
                <![CDATA[Testing create post caption]]>
              </value>
            </param>
          </params>
          <exception class="java.lang.AssertionError">
            <message>
              <![CDATA[The number of Posts is incorrect! expected [1] but found [3]]]>
            </message>
            <full-stacktrace>
              <![CDATA[java.lang.AssertionError: The number of Posts is incorrect! expected [1] but found [3]
at org.testng.Assert.fail(Assert.java:111)
at org.testng.Assert.failNotEquals(Assert.java:1578)
at org.testng.Assert.assertEqualsImpl(Assert.java:150)
at org.testng.Assert.assertEquals(Assert.java:132)
at org.testng.Assert.assertEquals(Assert.java:1419)
at org.testng.Assert.assertEquals(Assert.java:1383)
at com.skilo.gui.PostTest.verifyUserCanCreateNewPostAndDeleteIt(PostTest.java:55)
at java.base/jdk.internal.reflect.DirectMethodHandleAccessor.invoke(DirectMethodHandleAccessor.java:103)
at java.base/java.lang.reflect.Method.invoke(Method.java:580)
at org.testng.internal.invokers.MethodInvocationHelper.invokeMethod(MethodInvocationHelper.java:141)
at org.testng.internal.invokers.TestInvoker.invokeMethod(TestInvoker.java:686)
at org.testng.internal.invokers.TestInvoker.invokeTestMethod(TestInvoker.java:230)
at org.testng.internal.invokers.MethodRunner.runInSequence(MethodRunner.java:63)
at org.testng.internal.invokers.TestInvoker$MethodInvocationAgent.invoke(TestInvoker.java:992)
at org.testng.internal.invokers.TestInvoker.invokeTestMethods(TestInvoker.java:203)
at org.testng.internal.invokers.TestMethodWorker.invokeTestMethods(TestMethodWorker.java:154)
at org.testng.internal.invokers.TestMethodWorker.run(TestMethodWorker.java:134)
at java.base/java.util.ArrayList.forEach(ArrayList.java:1596)
at org.testng.TestRunner.privateRun(TestRunner.java:739)
at org.testng.TestRunner.run(TestRunner.java:614)
at org.testng.SuiteRunner.runTest(SuiteRunner.java:421)
at org.testng.SuiteRunner.runSequentially(SuiteRunner.java:413)
at org.testng.SuiteRunner.privateRun(SuiteRunner.java:373)
at org.testng.SuiteRunner.run(SuiteRunner.java:312)
at org.testng.SuiteRunnerWorker.runSuite(SuiteRunnerWorker.java:52)
at org.testng.SuiteRunnerWorker.run(SuiteRunnerWorker.java:95)
at org.testng.TestNG.runSuitesSequentially(TestNG.java:1274)
at org.testng.TestNG.runSuitesLocally(TestNG.java:1208)
at org.testng.TestNG.runSuites(TestNG.java:1112)
at org.testng.TestNG.run(TestNG.java:1079)
at org.apache.maven.surefire.testng.TestNGExecutor.run(TestNGExecutor.java:324)
at org.apache.maven.surefire.testng.TestNGXmlTestSuite.execute(TestNGXmlTestSuite.java:74)
at org.apache.maven.surefire.testng.TestNGProvider.invoke(TestNGProvider.java:123)
at org.apache.maven.surefire.booter.ForkedBooter.runSuitesInProcess(ForkedBooter.java:456)
at org.apache.maven.surefire.booter.ForkedBooter.execute(ForkedBooter.java:169)
at org.apache.maven.surefire.booter.ForkedBooter.run(ForkedBooter.java:595)
at org.apache.maven.surefire.booter.ForkedBooter.main(ForkedBooter.java:581)
]]>
            </full-stacktrace>
          </exception> <!-- java.lang.AssertionError -->
          <reporter-output>
          </reporter-output>
        </test-method> <!-- verifyUserCanCreateNewPostAndDeleteIt -->
        <test-method is-config="true" signature="tearDownTest(org.testng.ITestResult)[pri:0, instance:com.skilo.gui.PostTest@561b6512]" started-at="2024-08-02T17:08:30 EEST" name="tearDownTest" finished-at="2024-08-02T17:08:30 EEST" duration-ms="691" status="PASS">
          <params>
            <param index="0">
              <value>
                <![CDATA[[TestResult name=verifyUserCanCreateNewPostAndDeleteIt status=FAILURE method=PostTest.verifyUserCanCreateNewPostAndDeleteIt(java.lang.String,java.lang.String,java.lang.String,java.io.File,java.lang.String)[pri:0, instance:com.skilo.gui.PostTest@561b6512] output={null}]]]>
              </value>
            </param>
          </params>
          <reporter-output>
          </reporter-output>
        </test-method> <!-- tearDownTest -->
      </class> <!-- com.skilo.gui.PostTest -->
    </test> <!-- E:/Rossy/Skillo/SKAU14TAF -->
  </suite> <!-- All Test Suite -->
</testng-results>
